{"level":"error","message":"Error getting user roles: Could not find a relationship between 'user_roles' and 'roles' in the schema cache","service":"lms-api","timestamp":"2025-05-21 22:11:38"}
{"level":"error","message":"Error in getUserRoles query: Could not find a relationship between 'user_roles' and 'roles' in the schema cache","service":"lms-api","timestamp":"2025-05-21 22:19:59"}
{"level":"error","message":"Error getting user roles: Could not find a relationship between 'user_roles' and 'roles' in the schema cache","service":"lms-api","timestamp":"2025-05-21 22:19:59"}
{"level":"error","message":"Error in getUserRoles query: Could not find a relationship between 'user_roles' and 'roles' in the schema cache","service":"lms-api","timestamp":"2025-05-21 22:25:25"}
{"level":"error","message":"Error getting user roles: Could not find a relationship between 'user_roles' and 'roles' in the schema cache","service":"lms-api","timestamp":"2025-05-21 22:25:25"}
{"level":"error","message":"Error in getUserRoles query: Could not find a relationship between 'user_roles' and 'roles' in the schema cache","service":"lms-api","timestamp":"2025-05-21 22:25:25"}
{"level":"error","message":"Error getting user roles: Could not find a relationship between 'user_roles' and 'roles' in the schema cache","service":"lms-api","timestamp":"2025-05-21 22:25:25"}
{"level":"error","message":"Error in getUserRoles query: Could not find a relationship between 'user_roles' and 'roles' in the schema cache","service":"lms-api","timestamp":"2025-05-21 22:25:25"}
{"level":"error","message":"Error getting user roles: Could not find a relationship between 'user_roles' and 'roles' in the schema cache","service":"lms-api","timestamp":"2025-05-21 22:25:25"}
{"level":"error","message":"Error in getUserRoles query: Could not find a relationship between 'user_roles' and 'roles' in the schema cache","service":"lms-api","timestamp":"2025-05-21 22:25:26"}
{"level":"error","message":"Error getting user roles: Could not find a relationship between 'user_roles' and 'roles' in the schema cache","service":"lms-api","timestamp":"2025-05-21 22:25:26"}
{"level":"error","message":"Error fetching from user_roles table: relation \"public.user_roles\" does not exist","service":"lms-api","timestamp":"2025-05-21 22:30:18"}
{"level":"error","message":"Error getting user roles: relation \"public.user_roles\" does not exist","service":"lms-api","timestamp":"2025-05-21 22:30:18"}
{"level":"error","message":"Error fetching from user_roles table: relation \"public.user_roles\" does not exist","service":"lms-api","timestamp":"2025-05-21 22:30:18"}
{"level":"error","message":"Error getting user roles: relation \"public.user_roles\" does not exist","service":"lms-api","timestamp":"2025-05-21 22:30:18"}
{"level":"error","message":"Error fetching from user_roles table: relation \"public.user_roles\" does not exist","service":"lms-api","timestamp":"2025-05-21 22:30:18"}
{"level":"error","message":"Error getting user roles: relation \"public.user_roles\" does not exist","service":"lms-api","timestamp":"2025-05-21 22:30:18"}
{"level":"error","message":"Error fetching from user_roles table: relation \"public.user_roles\" does not exist","service":"lms-api","timestamp":"2025-05-21 22:30:18"}
{"level":"error","message":"Error getting user roles: relation \"public.user_roles\" does not exist","service":"lms-api","timestamp":"2025-05-21 22:30:18"}
{"level":"error","message":"Error fetching from user_roles table: relation \"public.user_roles\" does not exist","service":"lms-api","timestamp":"2025-05-21 22:31:42"}
{"level":"error","message":"Error getting user roles: relation \"public.user_roles\" does not exist","service":"lms-api","timestamp":"2025-05-21 22:31:42"}
{"level":"error","message":"Error fetching from user_roles table: relation \"public.user_roles\" does not exist","service":"lms-api","timestamp":"2025-05-21 22:31:43"}
{"level":"error","message":"Error getting user roles: relation \"public.user_roles\" does not exist","service":"lms-api","timestamp":"2025-05-21 22:31:43"}
{"level":"error","message":"Error fetching from user_roles table: relation \"public.user_roles\" does not exist","service":"lms-api","timestamp":"2025-05-21 22:31:44"}
{"level":"error","message":"Error getting user roles: relation \"public.user_roles\" does not exist","service":"lms-api","timestamp":"2025-05-21 22:31:44"}
{"level":"error","message":"Error fetching from user_roles table: relation \"public.user_roles\" does not exist","service":"lms-api","timestamp":"2025-05-21 22:31:44"}
{"level":"error","message":"Error getting user roles: relation \"public.user_roles\" does not exist","service":"lms-api","timestamp":"2025-05-21 22:31:44"}
{"level":"error","message":"Error fetching from user_roles table: relation \"public.user_roles\" does not exist","service":"lms-api","timestamp":"2025-05-21 22:34:17"}
{"level":"error","message":"Error getting user roles: relation \"public.user_roles\" does not exist","service":"lms-api","timestamp":"2025-05-21 22:34:17"}
{"level":"error","message":"Error fetching from user_roles table: relation \"public.user_roles\" does not exist","service":"lms-api","timestamp":"2025-05-21 22:34:18"}
{"level":"error","message":"Error getting user roles: relation \"public.user_roles\" does not exist","service":"lms-api","timestamp":"2025-05-21 22:34:18"}
{"level":"error","message":"Error fetching from user_roles table: relation \"public.user_roles\" does not exist","service":"lms-api","timestamp":"2025-05-21 22:34:18"}
{"level":"error","message":"Error getting user roles: relation \"public.user_roles\" does not exist","service":"lms-api","timestamp":"2025-05-21 22:34:18"}
{"level":"error","message":"Error fetching from user_roles table: relation \"public.user_roles\" does not exist","service":"lms-api","timestamp":"2025-05-21 22:34:18"}
{"level":"error","message":"Error getting user roles: relation \"public.user_roles\" does not exist","service":"lms-api","timestamp":"2025-05-21 22:34:18"}
{"level":"error","message":"Error fetching user for roles: relation \"public.users\" does not exist","service":"lms-api","timestamp":"2025-05-21 22:38:17"}
{"level":"error","message":"Error fetching user for roles: relation \"public.users\" does not exist","service":"lms-api","timestamp":"2025-05-21 22:38:17"}
{"level":"error","message":"Error fetching user for roles: relation \"public.users\" does not exist","service":"lms-api","timestamp":"2025-05-21 22:38:18"}
{"level":"error","message":"Error fetching user for roles: relation \"public.users\" does not exist","service":"lms-api","timestamp":"2025-05-21 22:38:18"}
{"level":"error","message":"Error connecting to MongoDB: connect ECONNREFUSED 127.0.0.1:27017","service":"lms-api","timestamp":"2025-05-21 23:36:44"}
{"level":"error","message":"Error connecting to MongoDB: connect ECONNREFUSED 127.0.0.1:27017","service":"lms-api","timestamp":"2025-05-21 23:37:56"}
{"level":"error","message":"Error connecting to MongoDB: connect ECONNREFUSED 127.0.0.1:27017","service":"lms-api","timestamp":"2025-05-21 23:38:11"}
{"level":"error","message":"Error connecting to MongoDB: connect ECONNREFUSED 127.0.0.1:27017","service":"lms-api","timestamp":"2025-05-22 00:10:31"}
{"level":"error","message":"Error connecting to MongoDB: connect ECONNREFUSED 127.0.0.1:27017","service":"lms-api","timestamp":"2025-05-22 00:13:12"}
{"level":"error","message":"Error connecting to MongoDB: Server selection timed out after 5000 ms","service":"lms-api","timestamp":"2025-05-22 00:54:28"}
{"level":"error","message":"Error getting user by ID: Socket 'secureConnect' timed out after 9999ms (connectTimeoutMS: 10000)","service":"lms-api","timestamp":"2025-05-22 01:06:55"}
{"level":"error","message":"JWT verification failed: Socket 'secureConnect' timed out after 9999ms (connectTimeoutMS: 10000)","service":"lms-api","timestamp":"2025-05-22 01:06:55"}
{"level":"error","message":"Error getting user by ID: Socket 'secureConnect' timed out after 10000ms (connectTimeoutMS: 10000)","service":"lms-api","timestamp":"2025-05-22 01:07:10"}
{"level":"error","message":"JWT verification failed: Socket 'secureConnect' timed out after 10000ms (connectTimeoutMS: 10000)","service":"lms-api","timestamp":"2025-05-22 01:07:10"}
